app/build/outputs/mapping/release/seeds.txt
com.example.nfctagemulator.ui.MainActivity
com.example.nfctagemulator.data.model.TagData$CREATOR
com.example.nfctagemulator.data.model.TagType
com.example.nfctagemulator.nfc.emulator.TagHostApduService
com.example.nfctagemulator.data.model.TagData
com.example.nfctagemulator.data.model.TagData: byte[] ndefMessage
com.example.nfctagemulator.data.model.TagType: com.example.nfctagemulator.data.model.TagType NDEF_URI
com.example.nfctagemulator.data.model.TagType: com.example.nfctagemulator.data.model.TagType MIFARE_CLASSIC
com.example.nfctagemulator.data.model.TagType: com.example.nfctagemulator.data.model.TagType NDEF_VCARD
com.example.nfctagemulator.data.model.TagData: java.lang.String name
com.example.nfctagemulator.data.model.TagData: java.lang.String uid
com.example.nfctagemulator.data.model.TagData: long timestamp
com.example.nfctagemulator.data.model.TagData: java.lang.String contactEmail
com.example.nfctagemulator.data.model.TagData: java.lang.String contactPhone
com.example.nfctagemulator.data.model.TagData: int $stable
com.example.nfctagemulator.data.model.TagType: com.example.nfctagemulator.data.model.TagType NDEF_SMART_POSTER
com.example.nfctagemulator.data.model.TagType: com.example.nfctagemulator.data.model.TagType UNKNOWN
com.example.nfctagemulator.data.model.TagType: com.example.nfctagemulator.data.model.TagType ISO_DEP
com.example.nfctagemulator.data.model.TagData: com.example.nfctagemulator.data.model.TagType type
com.example.nfctagemulator.data.model.TagType: kotlin.enums.EnumEntries $ENTRIES
com.example.nfctagemulator.data.model.TagType: com.example.nfctagemulator.data.model.TagType MIFARE_ULTRALIGHT
com.example.nfctagemulator.data.model.TagData: com.example.nfctagemulator.data.model.TagData$CREATOR CREATOR
com.example.nfctagemulator.data.model.TagType: com.example.nfctagemulator.data.model.TagType[] $VALUES
com.example.nfctagemulator.data.model.TagData: byte[] rawData
com.example.nfctagemulator.data.model.TagType: com.example.nfctagemulator.data.model.TagType NDEF_TEXT
com.example.nfctagemulator.data.model.TagData: java.util.List techList
com.example.nfctagemulator.data.model.TagData: java.lang.String contactName
com.example.nfctagemulator.data.model.TagData: com.example.nfctagemulator.data.model.TagData copy$default(com.example.nfctagemulator.data.model.TagData,java.lang.String,java.lang.String,long,com.example.nfctagemulator.data.model.TagType,byte[],byte[],java.util.List,java.lang.String,java.lang.String,java.lang.String,int,java.lang.Object)
com.example.nfctagemulator.data.model.TagData: byte[] getRawData()
com.example.nfctagemulator.data.model.TagData: boolean equals(java.lang.Object)
com.example.nfctagemulator.data.model.TagData: byte[] component6()
com.example.nfctagemulator.data.model.TagData: TagData(java.lang.String,java.lang.String,long,com.example.nfctagemulator.data.model.TagType,byte[],byte[],java.util.List,java.lang.String,java.lang.String,java.lang.String,int,kotlin.jvm.internal.DefaultConstructorMarker)
com.example.nfctagemulator.data.model.TagData: java.lang.String component2()
com.example.nfctagemulator.data.model.TagData: java.lang.String getName()
com.example.nfctagemulator.nfc.emulator.TagHostApduService: TagHostApduService()
com.example.nfctagemulator.data.model.TagData$CREATOR: java.lang.Object[] newArray(int)
com.example.nfctagemulator.data.model.TagData$CREATOR: com.example.nfctagemulator.data.model.TagData[] newArray(int)
com.example.nfctagemulator.data.model.TagData: java.lang.String component8()
com.example.nfctagemulator.data.model.TagData: long component3()
com.example.nfctagemulator.data.model.TagType: com.example.nfctagemulator.data.model.TagType[] $values()
com.example.nfctagemulator.data.model.TagData: com.example.nfctagemulator.data.model.TagData copy(java.lang.String,java.lang.String,long,com.example.nfctagemulator.data.model.TagType,byte[],byte[],java.util.List,java.lang.String,java.lang.String,java.lang.String)
...
androidx.compose.runtime.snapshots.SnapshotMapSet
androidx.compose.runtime.saveable.SaveableStateHolderImpl$Companion
androidx.compose.runtime.ExperimentalComposeRuntimeApi
androidx.compose.foundation.layout.HorizontalAlignElement
androidx.compose.runtime.external.kotlinx.collections.immutable.implementations.persistentOrderedMap.PersistentOrderedMap$Companion
androidx.compose.runtime.DerivedStateObserver
androidx.compose.runtime.changelist.Operation$ReleaseMovableGroupAtCurrent
androidx.compose.runtime.UnboxedDoubleState
androidx.compose.runtime.RecomposerKt$withRunningRecomposer$2
androidx.compose.runtime.Recomposer$runRecomposeConcurrentlyAndApplyChanges$2$2$2
androidx.compose.runtime.external.kotlinx.collections.immutable.implementations.immutableMap.PersistentHashMapBuilderKeys
androidx.compose.runtime.snapshots.SnapshotContextElement$DefaultImpls
androidx.compose.runtime.external.kotlinx.collections.immutable.internal.CommonFunctionsKt
androidx.compose.runtime.SnapshotStateKt__SnapshotFlowKt$collectAsState$1$1$1
androidx.compose.runtime.snapshots.StateObject$DefaultImpls
androidx.compose.runtime.ComposerImpl
androidx.compose.runtime.DisposableEffectScope
androidx.compose.runtime.external.kotlinx.collections.immutable.PersistentMap
androidx.compose.runtime.ComposerImpl$CompositionContextImpl
androidx.compose.runtime.MonotonicFrameClock
androidx.compose.runtime.CompositionKt$ObservableCompositionServiceKey$1
kotlinx.coroutines.internal.StackTraceRecoveryKt
androidx.compose.runtime.internal.PersistentCompositionLocalHashMap
androidx.compose.runtime.ParcelableSnapshotMutableState$Companion
androidx.compose.runtime.external.kotlinx.collections.immutable.implementations.immutableMap.PersistentHashMap$Companion
androidx.compose.runtime.internal.AtomicInt
androidx.compose.runtime.external.kotlinx.collections.immutable.implementations.immutableSet.PersistentHashSetBuilder
androidx.compose.runtime.DoubleState
androidx.compose.runtime.external.kotlinx.collections.immutable.implementations.persistentOrderedSet.PersistentOrderedSet$Companion
androidx.compose.runtime.MovableContentState
androidx.compose.runtime.MonotonicFrameClockKt$withFrameMillis$2
androidx.compose.runtime.internal.ComposableLambdaN_jvmKt
androidx.compose.runtime.external.kotlinx.collections.immutable.PersistentCollection$Builder
androidx.compose.runtime.changelist.Operation$AdvanceSlotsBy
androidx.compose.runtime.snapshots.SnapshotContextElement$Key
androidx.core.app.CoreComponentFactory
androidx.compose.runtime.ComposableSingletons$CompositionKt$lambda$1918065384$1
androidx.compose.runtime.SkippableUpdater
androidx.compose.runtime.LongState
androidx.compose.runtime.internal.ComposableLambdaN
androidx.compose.runtime.changelist.OperationsDebugStringFormattable
androidx.compose.runtime.Recomposer$recompositionRunner$2$2
androidx.compose.runtime.DisposableEffectScope$onDispose$1
androidx.compose.runtime.snapshots.SnapshotContextElementImpl
androidx.compose.runtime.IntStack
androidx.compose.runtime.ComposeCompilerApi
androidx.compose.runtime.OpaqueKey
androidx.compose.runtime.saveable.RememberSerializableKt
androidx.activity.result.IntentSenderRequest
androidx.compose.runtime.external.kotlinx.collections.immutable.implementations.persistentOrderedMap.PersistentOrderedMapEntries
androidx.compose.runtime.external.kotlinx.collections.immutable.ExtensionsKt
androidx.compose.runtime.HotReloader$Companion
androidx.compose.runtime.UnboxedLongState
androidx.compose.runtime.RecomposeScopeImpl
androidx.compose.runtime.changelist.Operation$ApplyChangeList
androidx.compose.runtime.BroadcastFrameClock$AtomicAwaitersCount$Companion
androidx.compose.runtime.SnapshotDoubleState_androidKt
androidx.compose.runtime.ParcelableSnapshotMutableDoubleState$Companion$CREATOR$1
androidx.compose.runtime.tooling.ComposeStackTraceBuilderKt
androidx.compose.runtime.tooling.ObservableComposition