app/build/outputs/mapping/release/usage.txt
com.example.nfctagemulator.R$color
com.example.nfctagemulator.R$drawable
com.example.nfctagemulator.R$mipmap
com.example.nfctagemulator.R$string
com.example.nfctagemulator.R$style
com.example.nfctagemulator.R$xml
com.example.nfctagemulator.R
com.example.nfctagemulator.data.repository.TagRepository:
    public static final int $stable
com.example.nfctagemulator.nfc.emulator.TagEmulator:
    public static final int $stable
    public static final com.example.nfctagemulator.nfc.emulator.TagEmulator$Companion Companion
    private static final java.lang.String EMULATING_TAG_UID_KEY
com.example.nfctagemulator.nfc.emulator.TagHostApduService:
    public static final int $stable
    public static final com.example.nfctagemulator.nfc.emulator.TagHostApduService$Companion Companion
    private static final int FILE_ID_CC
    private static final int FILE_ID_NDEF
    private static final int P1_SELECT_BY_FILE_ID
    private static final int P1_SELECT_BY_NAME
    private static final java.lang.String TAG
com.example.nfctagemulator.nfc.reader.NfcReader:
    public static final int $stable
com.example.nfctagemulator.ui.MainActivity:
    public static final int $stable
com.example.nfctagemulator.ui.MainActivityKt$EmulatorMainScreen$1$1:
    int label
com.example.nfctagemulator.ui.MainActivityKt$EmulatorMainScreen$lambda$34$lambda$33$lambda$32$lambda$31$$inlined$items$default$2
com.example.nfctagemulator.ui.components.GlowCardKt
com.example.nfctagemulator.ui.components.NeonButtonKt
com.example.nfctagemulator.ui.components.TagCardKt:
    private static final float TagCard$lambda$0(androidx.compose.runtime.State)
com.example.nfctagemulator.ui.screen.ComposableSingletons$SavedTagsScreenKt
com.example.nfctagemulator.ui.screen.CreateTagScreenKt:
    private static final java.lang.String TAG
com.example.nfctagemulator.ui.screen.CreateTagType:
    private static final synthetic kotlin.enums.EnumEntries $ENTRIES
    public static kotlin.enums.EnumEntries getEntries()
com.example.nfctagemulator.ui.screen.SavedTagsScreenKt$SavedTagsScreen$2$1$2$1$1$1$1
com.example.nfctagemulator.ui.screen.SavedTagsScreenKt$SavedTagsScreen$2$1$2$1$1$2$1
com.example.nfctagemulator.ui.screen.SavedTagsScreenKt$SavedTagsScreen$2$1$2$1$1$3$1
com.example.nfctagemulator.ui.screen.SavedTagsScreenKt$SavedTagsScreen$lambda$32$lambda$31$lambda$30$lambda$29$$inlined$items$default$1
com.example.nfctagemulator.ui.screen.SavedTagsScreenKt$SavedTagsScreen$lambda$32$lambda$31$lambda$30$lambda$29$$inlined$items$default$2
com.example.nfctagemulator.ui.screen.SavedTagsScreenKt$SavedTagsScreen$lambda$32$lambda$31$lambda$30$lambda$29$$inlined$items$default$3
com.example.nfctagemulator.ui.screen.SavedTagsScreenKt$SavedTagsScreen$lambda$32$lambda$31$lambda$30$lambda$29$$inlined$items$default$4
com.example.nfctagemulator.ui.screen.SavedTagsScreenKt
com.example.nfctagemulator.ui.screen.ScanScreenKt:
    private static final java.lang.String ScanScreen$lambda$1(androidx.compose.runtime.MutableState)
com.example.nfctagemulator.ui.theme.ColorKt:
    private static final long GlowWhite
    private static final long NeonBlue
    private static final long NeonCyanDark
    private static final long NeonCyanTransparent
    private static final long NeonPurpleTransparent
    private static final long Pink40
    private static final long Pink80
    private static final long Purple40
    private static final long Purple80
    private static final long PurpleGrey40
    private static final long PurpleGrey80
    public static final long getGlowWhite()
    public static final long getNeonBlue()
    public static final long getNeonCyanDark()
    public static final long getNeonCyanTransparent()
    public static final long getNeonPurpleTransparent()
    public static final long getPink40()
    public static final long getPink80()
    public static final long getPurple40()
    public static final long getPurple80()
    public static final long getPurpleGrey40()
    public static final long getPurpleGrey80()
...
androidx.compose.material3.internal.BasicTooltip_androidKt$TooltipPopup$1$1$1
androidx.compose.material3.internal.BasicTooltip_androidKt$TooltipPopup$1$1
androidx.compose.material3.internal.BasicTooltip_androidKt$TooltipPopup$2$1$1
androidx.compose.material3.internal.BasicTooltip_androidKt$TooltipPopup$2
androidx.compose.material3.internal.BasicTooltip_androidKt$TooltipPopup$3
androidx.compose.material3.internal.BasicTooltip_androidKt$WrappedAnchor$2
androidx.compose.material3.internal.BasicTooltip_androidKt$anchorSemantics$1$1$1
androidx.compose.material3.internal.BasicTooltip_androidKt$anchorSemantics$1$1
androidx.compose.material3.internal.BasicTooltip_androidKt$anchorSemantics$1
androidx.compose.material3.internal.BasicTooltip_androidKt$handleGestures$1$1$1$1
androidx.compose.material3.internal.BasicTooltip_androidKt$handleGestures$1$1$1$2$1
androidx.compose.material3.internal.BasicTooltip_androidKt$handleGestures$1$1$1$2
androidx.compose.material3.internal.BasicTooltip_androidKt$handleGestures$1$1$1
androidx.compose.material3.internal.BasicTooltip_androidKt$handleGestures$1$1
androidx.compose.material3.internal.BasicTooltip_androidKt$handleGestures$1
androidx.compose.material3.internal.BasicTooltip_androidKt$handleGestures$2$1$1$1
androidx.compose.material3.internal.BasicTooltip_androidKt$handleGestures$2$1$1
androidx.compose.material3.internal.BasicTooltip_androidKt$handleGestures$2$1
androidx.compose.material3.internal.BasicTooltip_androidKt$handleGestures$2
androidx.compose.material3.internal.BasicTooltip_androidKt
androidx.compose.material3.internal.CalendarDate
androidx.compose.material3.internal.CalendarModel
androidx.compose.material3.internal.CalendarModelImpl$Companion
androidx.compose.material3.internal.CalendarModelImpl
androidx.compose.material3.internal.CalendarModelKt
androidx.compose.material3.internal.CalendarModel_androidKt
androidx.compose.material3.internal.CalendarMonth
androidx.compose.material3.internal.DateInputFormat
androidx.compose.material3.internal.DefaultPlatformTextStyle_androidKt:
    private static final boolean DefaultIncludeFontPadding
    private static synthetic void getDefaultPlatformTextStyle$annotations()
androidx.compose.material3.internal.DragGestureDetectorCopyKt$awaitHorizontalPointerSlopOrCancellation$1
androidx.compose.material3.internal.DragGestureDetectorCopyKt
androidx.compose.material3.internal.DraggableAnchors
androidx.compose.material3.internal.DraggableAnchorsConfig
androidx.compose.material3.internal.DraggableAnchorsElement$inspectableProperties$$inlined$debugInspectorInfo$1
androidx.compose.material3.internal.DraggableAnchorsElement
androidx.compose.material3.internal.DraggableAnchorsNode$measure$1
androidx.compose.material3.internal.DraggableAnchorsNode
androidx.compose.material3.internal.DropdownMenuPositionProvider$2
androidx.compose.material3.internal.DropdownMenuPositionProvider
androidx.compose.material3.internal.ElevationKt:
    public static synthetic java.lang.Object animateElevation-rAjV9yQ$default(androidx.compose.animation.core.Animatable,float,androidx.compose.foundation.interaction.Interaction,androidx.compose.foundation.interaction.Interaction,kotlin.coroutines.Continuation,int,java.lang.Object)
androidx.compose.material3.internal.InternalMutatorMutex$Mutator
androidx.compose.material3.internal.InternalMutatorMutex$mutate$2
androidx.compose.material3.internal.InternalMutatorMutex$mutateWith$2
androidx.compose.material3.internal.InternalMutatorMutex
androidx.compose.material3.internal.InternalMutatorMutex_jvmKt
androidx.compose.material3.internal.LegacyCalendarModelImpl$Companion
androidx.compose.material3.internal.LegacyCalendarModelImpl
androidx.compose.material3.internal.Listener$Api33Impl
androidx.compose.material3.internal.Listener$switchAccessListener$1
androidx.compose.material3.internal.Listener$touchExplorationListener$1
androidx.compose.material3.internal.Listener
androidx.compose.material3.internal.MapDraggableAnchors